Compilation failed:
    source file: 'F:/pythonproject/nodewithopencv/first/node_modules/opencv-build/opencv/opencv/cmake/checks/cpu_avx512.cpp'
    check option: '    '
===== BUILD LOG =====
Change Dir: F:/pythonproject/nodewithopencv/first/node_modules/opencv-build/opencv/build/CMakeFiles/CMakeTmp

Run Build Command(s):C:/Program Files (x86)/Microsoft Visual Studio/2017/BuildTools/MSBuild/15.0/Bin/MSBuild.exe cmTC_b01aa.vcxproj /p:Configuration=Release /p:Platform=x64 /p:VisualStudioVersion=15.0 /v:m && Microsoft (R) Build Engine version 15.9.21+g9802d43bc3 for .NET Framework
Copyright (C) Microsoft Corporation. All rights reserved.

  Microsoft (R) C/C++ Optimizing Compiler Version 19.16.27034 for x64
  Copyright (C) Microsoft Corporation.  All rights reserved.
  
  cpu_avx512.cpp
  cl /c /W3 /WX- /diagnostics:classic /O2 /Ob2 /D WIN32 /D _WINDOWS /D NDEBUG /D "CMAKE_INTDIR=\"Release\"" /D _MBCS /Gm- /EHsc /MD /GS /fp:precise /Zc:wchar_t /Zc:forScope /Zc:inline /GR /Fo"cmTC_b01aa.dir\Release\\" /Fd"cmTC_b01aa.dir\Release\vc141.pdb" /Gd /TP /errorReport:queue "F:\pythonproject\nodewithopencv\first\node_modules\opencv-build\opencv\opencv\cmake\checks\cpu_avx512.cpp"
  
F:\pythonproject\nodewithopencv\first\node_modules\opencv-build\opencv\opencv\cmake\checks\cpu_avx512.cpp(11): fatal error C1189: #error:  "AVX512 is not supported" [F:\pythonproject\nodewithopencv\first\node_modules\opencv-build\opencv\build\CMakeFiles\CMakeTmp\cmTC_b01aa.vcxproj]


===== END =====

Compilation failed:
    source file: 'F:/pythonproject/nodewithopencv/first/node_modules/opencv-build/opencv/opencv/cmake/checks/cpu_avx512skx.cpp'
    check option: '    '
===== BUILD LOG =====
Change Dir: F:/pythonproject/nodewithopencv/first/node_modules/opencv-build/opencv/build/CMakeFiles/CMakeTmp

Run Build Command(s):C:/Program Files (x86)/Microsoft Visual Studio/2017/BuildTools/MSBuild/15.0/Bin/MSBuild.exe cmTC_24e4f.vcxproj /p:Configuration=Release /p:Platform=x64 /p:VisualStudioVersion=15.0 /v:m && Microsoft (R) Build Engine version 15.9.21+g9802d43bc3 for .NET Framework
Copyright (C) Microsoft Corporation. All rights reserved.

  Microsoft (R) C/C++ Optimizing Compiler Version 19.16.27034 for x64
  Copyright (C) Microsoft Corporation.  All rights reserved.
  
  cpu_avx512skx.cpp
  cl /c /W3 /WX- /diagnostics:classic /O2 /Ob2 /D WIN32 /D _WINDOWS /D NDEBUG /D "CMAKE_INTDIR=\"Release\"" /D _MBCS /Gm- /EHsc /MD /GS /fp:precise /Zc:wchar_t /Zc:forScope /Zc:inline /GR /Fo"cmTC_24e4f.dir\Release\\" /Fd"cmTC_24e4f.dir\Release\vc141.pdb" /Gd /TP /errorReport:queue "F:\pythonproject\nodewithopencv\first\node_modules\opencv-build\opencv\opencv\cmake\checks\cpu_avx512skx.cpp"
  
F:\pythonproject\nodewithopencv\first\node_modules\opencv-build\opencv\opencv\cmake\checks\cpu_avx512skx.cpp(15): fatal error C1189: #error:  "AVX512-SKX is not supported" [F:\pythonproject\nodewithopencv\first\node_modules\opencv-build\opencv\build\CMakeFiles\CMakeTmp\cmTC_24e4f.vcxproj]


===== END =====

Determining if the function fseeko exists failed with the following output:
Change Dir: F:/pythonproject/nodewithopencv/first/node_modules/opencv-build/opencv/build/CMakeFiles/CMakeTmp

Run Build Command(s):C:/Program Files (x86)/Microsoft Visual Studio/2017/BuildTools/MSBuild/15.0/Bin/MSBuild.exe cmTC_e49d4.vcxproj /p:Configuration=Release /p:Platform=x64 /p:VisualStudioVersion=15.0 /v:m && Microsoft (R) Build Engine version 15.9.21+g9802d43bc3 for .NET Framework
Copyright (C) Microsoft Corporation. All rights reserved.

  Microsoft (R) C/C++ Optimizing Compiler Version 19.16.27034 for x64
  Copyright (C) Microsoft Corporation.  All rights reserved.
  
  CheckFunctionExists.c
  cl /c /W3 /WX- /diagnostics:classic /MP8 /O2 /Ob2 /Oi /D WIN32 /D _WINDOWS /D _CRT_SECURE_NO_DEPRECATE /D _CRT_NONSTDC_NO_DEPRECATE /D _SCL_SECURE_NO_WARNINGS /D CHECK_FUNCTION_EXISTS=fseeko /D NDEBUG /D "CMAKE_INTDIR=\"Release\"" /D _MBCS /Gm- /MD /GS /Gy /fp:precise /Zc:wchar_t /Zc:forScope /Zc:inline /Fo"cmTC_e49d4.dir\Release\\" /Fd"cmTC_e49d4.dir\Release\vc141.pdb" /Gd /TC /errorReport:queue  /bigobj "C:\Program Files\CMake\share\cmake-3.16\Modules\CheckFunctionExists.c"
  
CheckFunctionExists.obj : error LNK2019: unresolved external symbol fseeko referenced in function main [F:\pythonproject\nodewithopencv\first\node_modules\opencv-build\opencv\build\CMakeFiles\CMakeTmp\cmTC_e49d4.vcxproj]
F:\pythonproject\nodewithopencv\first\node_modules\opencv-build\opencv\build\CMakeFiles\CMakeTmp\Release\cmTC_e49d4.exe : fatal error LNK1120: 1 unresolved externals [F:\pythonproject\nodewithopencv\first\node_modules\opencv-build\opencv\build\CMakeFiles\CMakeTmp\cmTC_e49d4.vcxproj]



Determining size of off64_t failed with the following output:
Change Dir: F:/pythonproject/nodewithopencv/first/node_modules/opencv-build/opencv/build/CMakeFiles/CMakeTmp

Run Build Command(s):C:/Program Files (x86)/Microsoft Visual Studio/2017/BuildTools/MSBuild/15.0/Bin/MSBuild.exe cmTC_dd19e.vcxproj /p:Configuration=Release /p:Platform=x64 /p:VisualStudioVersion=15.0 /v:m && Microsoft (R) Build Engine version 15.9.21+g9802d43bc3 for .NET Framework
Copyright (C) Microsoft Corporation. All rights reserved.

  Microsoft (R) C/C++ Optimizing Compiler Version 19.16.27034 for x64
  Copyright (C) Microsoft Corporation.  All rights reserved.
  
  OFF64_T.c
  cl /c /W3 /WX- /diagnostics:classic /MP8 /O2 /Ob2 /Oi /D WIN32 /D _WINDOWS /D _CRT_SECURE_NO_DEPRECATE /D _CRT_NONSTDC_NO_DEPRECATE /D _SCL_SECURE_NO_WARNINGS /D NDEBUG /D "CMAKE_INTDIR=\"Release\"" /D _MBCS /Gm- /MD /GS /Gy /fp:precise /Zc:wchar_t /Zc:forScope /Zc:inline /Fo"cmTC_dd19e.dir\Release\\" /Fd"cmTC_dd19e.dir\Release\vc141.pdb" /Gd /TC /errorReport:queue  /bigobj "F:\pythonproject\nodewithopencv\first\node_modules\opencv-build\opencv\build\CMakeFiles\CheckTypeSize\OFF64_T.c"
  
F:\pythonproject\nodewithopencv\first\node_modules\opencv-build\opencv\build\CMakeFiles\CheckTypeSize\OFF64_T.c(25): error C2065: 'off64_t': undeclared identifier [F:\pythonproject\nodewithopencv\first\node_modules\opencv-build\opencv\build\CMakeFiles\CMakeTmp\cmTC_dd19e.vcxproj]
F:\pythonproject\nodewithopencv\first\node_modules\opencv-build\opencv\build\CMakeFiles\CheckTypeSize\OFF64_T.c(26): error C2065: 'off64_t': undeclared identifier [F:\pythonproject\nodewithopencv\first\node_modules\opencv-build\opencv\build\CMakeFiles\CMakeTmp\cmTC_dd19e.vcxproj]
F:\pythonproject\nodewithopencv\first\node_modules\opencv-build\opencv\build\CMakeFiles\CheckTypeSize\OFF64_T.c(27): error C2065: 'off64_t': undeclared identifier [F:\pythonproject\nodewithopencv\first\node_modules\opencv-build\opencv\build\CMakeFiles\CMakeTmp\cmTC_dd19e.vcxproj]
F:\pythonproject\nodewithopencv\first\node_modules\opencv-build\opencv\build\CMakeFiles\CheckTypeSize\OFF64_T.c(28): error C2065: 'off64_t': undeclared identifier [F:\pythonproject\nodewithopencv\first\node_modules\opencv-build\opencv\build\CMakeFiles\CMakeTmp\cmTC_dd19e.vcxproj]
F:\pythonproject\nodewithopencv\first\node_modules\opencv-build\opencv\build\CMakeFiles\CheckTypeSize\OFF64_T.c(29): error C2065: 'off64_t': undeclared identifier [F:\pythonproject\nodewithopencv\first\node_modules\opencv-build\opencv\build\CMakeFiles\CMakeTmp\cmTC_dd19e.vcxproj]


F:/pythonproject/nodewithopencv/first/node_modules/opencv-build/opencv/build/CMakeFiles/CheckTypeSize/OFF64_T.c:
#include <sys/types.h>
#include <stdint.h>
#include <stddef.h>


#undef KEY
#if defined(__i386)
# define KEY '_','_','i','3','8','6'
#elif defined(__x86_64)
# define KEY '_','_','x','8','6','_','6','4'
#elif defined(__ppc__)
# define KEY '_','_','p','p','c','_','_'
#elif defined(__ppc64__)
# define KEY '_','_','p','p','c','6','4','_','_'
#elif defined(__aarch64__)
# define KEY '_','_','a','a','r','c','h','6','4','_','_'
#elif defined(__ARM_ARCH_7A__)
# define KEY '_','_','A','R','M','_','A','R','C','H','_','7','A','_','_'
#elif defined(__ARM_ARCH_7S__)
# define KEY '_','_','A','R','M','_','A','R','C','H','_','7','S','_','_'
#endif

#define SIZE (sizeof(off64_t))
static char info_size[] =  {'I', 'N', 'F', 'O', ':', 's','i','z','e','[',
  ('0' + ((SIZE / 10000)%10)),
  ('0' + ((SIZE / 1000)%10)),
  ('0' + ((SIZE / 100)%10)),
  ('0' + ((SIZE / 10)%10)),
  ('0' +  (SIZE    % 10)),
  ']',
#ifdef KEY
  ' ','k','e','y','[', KEY, ']',
#endif
  '\0'};

#ifdef __CLASSIC_C__
int main(argc, argv) int argc; char *argv[];
#else
int main(int argc, char *argv[])
#endif
{
  int require = 0;
  require += info_size[argc];
  (void)argv;
  return require;
}


Determining if the function memmove exists failed with the following output:
Change Dir: F:/pythonproject/nodewithopencv/first/node_modules/opencv-build/opencv/build/CMakeFiles/CMakeTmp

Run Build Command(s):C:/Program Files (x86)/Microsoft Visual Studio/2017/BuildTools/MSBuild/15.0/Bin/MSBuild.exe cmTC_0e4c1.vcxproj /p:Configuration=Release /p:Platform=x64 /p:VisualStudioVersion=15.0 /v:m && Microsoft (R) Build Engine version 15.9.21+g9802d43bc3 for .NET Framework
Copyright (C) Microsoft Corporation. All rights reserved.

  Microsoft (R) C/C++ Optimizing Compiler Version 19.16.27034 for x64
  Copyright (C) Microsoft Corporation.  All rights reserved.
  
  CheckFunctionExists.c
  cl /c /W3 /WX- /diagnostics:classic /MP8 /O2 /Ob2 /Oi /D WIN32 /D _WINDOWS /D _CRT_SECURE_NO_DEPRECATE /D _CRT_NONSTDC_NO_DEPRECATE /D _SCL_SECURE_NO_WARNINGS /D CHECK_FUNCTION_EXISTS=memmove /D NDEBUG /D "CMAKE_INTDIR=\"Release\"" /D _MBCS /Gm- /MD /GS /Gy /fp:precise /Zc:wchar_t /Zc:forScope /Zc:inline /Fo"cmTC_0e4c1.dir\Release\\" /Fd"cmTC_0e4c1.dir\Release\vc141.pdb" /Gd /TC /errorReport:queue  /bigobj "C:\Program Files\CMake\share\cmake-3.16\Modules\CheckFunctionExists.c"
C:\Program Files\CMake\share\cmake-3.16\Modules\CheckFunctionExists.c(7): warning C4391: 'char memmove(void)': incorrect return type for intrinsic function, expected 'void' [F:\pythonproject\nodewithopencv\first\node_modules\opencv-build\opencv\build\CMakeFiles\CMakeTmp\cmTC_0e4c1.vcxproj]
C:\Program Files\CMake\share\cmake-3.16\Modules\CheckFunctionExists.c(7): warning C4392: 'char memmove(void)': incorrect number of arguments for intrinsic function, expected '3' arguments [F:\pythonproject\nodewithopencv\first\node_modules\opencv-build\opencv\build\CMakeFiles\CMakeTmp\cmTC_0e4c1.vcxproj]
C:\Program Files\CMake\share\cmake-3.16\Modules\CheckFunctionExists.c(17): error C2168: 'memmove': too few actual parameters for intrinsic function [F:\pythonproject\nodewithopencv\first\node_modules\opencv-build\opencv\build\CMakeFiles\CMakeTmp\cmTC_0e4c1.vcxproj]
  



Determining if the function strcasecmp exists failed with the following output:
Change Dir: F:/pythonproject/nodewithopencv/first/node_modules/opencv-build/opencv/build/CMakeFiles/CMakeTmp

Run Build Command(s):C:/Program Files (x86)/Microsoft Visual Studio/2017/BuildTools/MSBuild/15.0/Bin/MSBuild.exe cmTC_56b8d.vcxproj /p:Configuration=Release /p:Platform=x64 /p:VisualStudioVersion=15.0 /v:m && Microsoft (R) Build Engine version 15.9.21+g9802d43bc3 for .NET Framework
Copyright (C) Microsoft Corporation. All rights reserved.

  Microsoft (R) C/C++ Optimizing Compiler Version 19.16.27034 for x64
  Copyright (C) Microsoft Corporation.  All rights reserved.
  
  CheckFunctionExists.c
  cl /c /W3 /WX- /diagnostics:classic /MP8 /O2 /Ob2 /Oi /D WIN32 /D _WINDOWS /D _CRT_SECURE_NO_DEPRECATE /D _CRT_NONSTDC_NO_DEPRECATE /D _SCL_SECURE_NO_WARNINGS /D CHECK_FUNCTION_EXISTS=strcasecmp /D NDEBUG /D "CMAKE_INTDIR=\"Release\"" /D _MBCS /Gm- /MD /GS /Gy /fp:precise /Zc:wchar_t /Zc:forScope /Zc:inline /Fo"cmTC_56b8d.dir\Release\\" /Fd"cmTC_56b8d.dir\Release\vc141.pdb" /Gd /TC /errorReport:queue  /bigobj "C:\Program Files\CMake\share\cmake-3.16\Modules\CheckFunctionExists.c"
  
CheckFunctionExists.obj : error LNK2019: unresolved external symbol strcasecmp referenced in function main [F:\pythonproject\nodewithopencv\first\node_modules\opencv-build\opencv\build\CMakeFiles\CMakeTmp\cmTC_56b8d.vcxproj]
F:\pythonproject\nodewithopencv\first\node_modules\opencv-build\opencv\build\CMakeFiles\CMakeTmp\Release\cmTC_56b8d.exe : fatal error LNK1120: 1 unresolved externals [F:\pythonproject\nodewithopencv\first\node_modules\opencv-build\opencv\build\CMakeFiles\CMakeTmp\cmTC_56b8d.vcxproj]



Determining if the function sgemm_ exists failed with the following output:
Change Dir: F:/pythonproject/nodewithopencv/first/node_modules/opencv-build/opencv/build/CMakeFiles/CMakeTmp

Run Build Command(s):C:/Program Files (x86)/Microsoft Visual Studio/2017/BuildTools/MSBuild/15.0/Bin/MSBuild.exe cmTC_f130c.vcxproj /p:Configuration=Release /p:Platform=x64 /p:VisualStudioVersion=15.0 /v:m && Microsoft (R) Build Engine version 15.9.21+g9802d43bc3 for .NET Framework
Copyright (C) Microsoft Corporation. All rights reserved.

  Microsoft (R) C/C++ Optimizing Compiler Version 19.16.27034 for x64
  Copyright (C) Microsoft Corporation.  All rights reserved.
  
  CheckFunctionExists.c
  cl /c /W3 /WX- /diagnostics:classic /MP8 /O2 /Ob2 /Oi /D WIN32 /D _WINDOWS /D _CRT_SECURE_NO_DEPRECATE /D _CRT_NONSTDC_NO_DEPRECATE /D _SCL_SECURE_NO_WARNINGS /D CHECK_FUNCTION_EXISTS=sgemm_ /D NDEBUG /D "CMAKE_INTDIR=\"Release\"" /D _MBCS /Gm- /MD /GS /Gy /fp:precise /Zc:wchar_t /Zc:forScope /Zc:inline /Fo"cmTC_f130c.dir\Release\\" /Fd"cmTC_f130c.dir\Release\vc141.pdb" /Gd /TC /errorReport:queue  /bigobj "C:\Program Files\CMake\share\cmake-3.16\Modules\CheckFunctionExists.c"
  
CheckFunctionExists.obj : error LNK2019: unresolved external symbol sgemm_ referenced in function main [F:\pythonproject\nodewithopencv\first\node_modules\opencv-build\opencv\build\CMakeFiles\CMakeTmp\cmTC_f130c.vcxproj]
F:\pythonproject\nodewithopencv\first\node_modules\opencv-build\opencv\build\CMakeFiles\CMakeTmp\Release\cmTC_f130c.exe : fatal error LNK1120: 1 unresolved externals [F:\pythonproject\nodewithopencv\first\node_modules\opencv-build\opencv\build\CMakeFiles\CMakeTmp\cmTC_f130c.vcxproj]



Determining if the include file pthread.h exists failed with the following output:
Change Dir: F:/pythonproject/nodewithopencv/first/node_modules/opencv-build/opencv/build/CMakeFiles/CMakeTmp

Run Build Command(s):C:/Program Files (x86)/Microsoft Visual Studio/2017/BuildTools/MSBuild/15.0/Bin/MSBuild.exe cmTC_0b35f.vcxproj /p:Configuration=Release /p:Platform=x64 /p:VisualStudioVersion=15.0 /v:m && Microsoft (R) Build Engine version 15.9.21+g9802d43bc3 for .NET Framework
Copyright (C) Microsoft Corporation. All rights reserved.

  Microsoft (R) C/C++ Optimizing Compiler Version 19.16.27034 for x64
  Copyright (C) Microsoft Corporation.  All rights reserved.
  
  CheckIncludeFile.c
  cl /c /W3 /WX- /diagnostics:classic /MP8 /O2 /Ob2 /Oi /D WIN32 /D _WINDOWS /D _CRT_SECURE_NO_DEPRECATE /D _CRT_NONSTDC_NO_DEPRECATE /D _SCL_SECURE_NO_WARNINGS /D NDEBUG /D "CMAKE_INTDIR=\"Release\"" /D _MBCS /Gm- /MD /GS /Gy /fp:precise /Zc:wchar_t /Zc:forScope /Zc:inline /Fo"cmTC_0b35f.dir\Release\\" /Fd"cmTC_0b35f.dir\Release\vc141.pdb" /Gd /TC /errorReport:queue  /bigobj "F:\pythonproject\nodewithopencv\first\node_modules\opencv-build\opencv\build\CMakeFiles\CMakeTmp\CheckIncludeFile.c"
  
F:\pythonproject\nodewithopencv\first\node_modules\opencv-build\opencv\build\CMakeFiles\CMakeTmp\CheckIncludeFile.c(1): fatal error C1083: Cannot open include file: 'pthread.h': No such file or directory [F:\pythonproject\nodewithopencv\first\node_modules\opencv-build\opencv\build\CMakeFiles\CMakeTmp\cmTC_0b35f.vcxproj]



